1731615649487	geckodriver	INFO	Listening on 127.0.0.1:57119
1731615652593	mozrunner::runner	INFO	Running command: "C:\\Program Files\\Mozilla Firefox\\firefox.exe" "--marionette" "--remote-debugging-port" "57120" "--remote-allow-hosts" "localhost" "-no-remote" "-profile" "C:\\Users\\nepsu\\AppData\\Local\\Temp\\rust_mozprofilefCCS9p"
console.warn: services.settings: Ignoring preference override of remote settings server
console.warn: services.settings: Allow by setting MOZ_REMOTE_SETTINGS_DEVTOOLS=1 in the environment
Dynamically enable window occlusion 0
1731615652978	Marionette	INFO	Marionette enabled
1731615653100	Marionette	INFO	Listening on port 57127
Read port: 57127
WebDriver BiDi listening on ws://127.0.0.1:57120
1731615653161	RemoteAgent	WARN	TLS certificate errors will be ignored for this session
console.error: (new TypeError("NetworkError: Network request failed", "resource://services-settings/Utils.sys.mjs", 238))
console.error: (new TypeError("NetworkError: Network request failed", "resource://services-settings/Utils.sys.mjs", 238))
console.error: (new TypeError("NetworkError: Network request failed", "resource://services-settings/Utils.sys.mjs", 238))
console.error: (new TypeError("NetworkError: Network request failed", "resource://services-settings/Utils.sys.mjs", 238))
DevTools listening on ws://127.0.0.1:57120/devtools/browser/c0cf5034-cf19-49b6-8e1c-b497d98bfc1a
console.warn: LoginRecipes: "Falling back to a synchronous message for: http://localhost:5001."
console.warn: LoginRecipes: "Falling back to a synchronous message for: http://localhost:5001."
console.error: (new Error("Polling for changes failed: NetworkError: Network request failed.", "resource://services-settings/remote-settings.sys.mjs", 324))
1731615691766	Marionette	INFO	Stopped listening on port 57127
Dynamically enable window occlusion 1
