1731615425760	geckodriver	INFO	Listening on 127.0.0.1:56927
1731615428820	mozrunner::runner	INFO	Running command: "C:\\Program Files\\Mozilla Firefox\\firefox.exe" "--marionette" "--remote-debugging-port" "56928" "--remote-allow-hosts" "localhost" "-no-remote" "-profile" "C:\\Users\\nepsu\\AppData\\Local\\Temp\\rust_mozprofilertW9u9"
console.warn: services.settings: Ignoring preference override of remote settings server
console.warn: services.settings: Allow by setting MOZ_REMOTE_SETTINGS_DEVTOOLS=1 in the environment
Dynamically enable window occlusion 0
1731615429142	Marionette	INFO	Marionette enabled
1731615429290	Marionette	INFO	Listening on port 56935
WebDriver BiDi listening on ws://127.0.0.1:56928
Read port: 56935
1731615429458	RemoteAgent	WARN	TLS certificate errors will be ignored for this session
console.error: (new TypeError("NetworkError: Network request failed", "resource://services-settings/Utils.sys.mjs", 238))
console.error: (new TypeError("NetworkError: Network request failed", "resource://services-settings/Utils.sys.mjs", 238))
console.error: (new TypeError("NetworkError: Network request failed", "resource://services-settings/Utils.sys.mjs", 238))
console.error: (new TypeError("NetworkError: Network request failed", "resource://services-settings/Utils.sys.mjs", 238))
DevTools listening on ws://127.0.0.1:56928/devtools/browser/2be3d437-5280-4226-a075-8d87acce3c79
console.warn: LoginRecipes: "Falling back to a synchronous message for: http://localhost:5001."
console.warn: LoginRecipes: "Falling back to a synchronous message for: http://localhost:5001."
console.warn: LoginRecipes: "Falling back to a synchronous message for: http://localhost:5001."
console.error: (new Error("Polling for changes failed: NetworkError: Network request failed.", "resource://services-settings/remote-settings.sys.mjs", 324))
1731615470893	Marionette	INFO	Stopped listening on port 56935
Dynamically enable window occlusion 1
