1731615600525	geckodriver	INFO	Listening on 127.0.0.1:57075
1731615603603	mozrunner::runner	INFO	Running command: "C:\\Program Files\\Mozilla Firefox\\firefox.exe" "--marionette" "--remote-debugging-port" "57076" "--remote-allow-hosts" "localhost" "-no-remote" "-profile" "C:\\Users\\nepsu\\AppData\\Local\\Temp\\rust_mozprofileY3GSNp"
console.warn: services.settings: Ignoring preference override of remote settings server
console.warn: services.settings: Allow by setting MOZ_REMOTE_SETTINGS_DEVTOOLS=1 in the environment
Dynamically enable window occlusion 0
1731615604002	Marionette	INFO	Marionette enabled
1731615604144	Marionette	INFO	Listening on port 57083
WebDriver BiDi listening on ws://127.0.0.1:57076
Read port: 57083
1731615604339	RemoteAgent	WARN	TLS certificate errors will be ignored for this session
console.error: (new TypeError("NetworkError: Network request failed", "resource://services-settings/Utils.sys.mjs", 238))
console.error: (new TypeError("NetworkError: Network request failed", "resource://services-settings/Utils.sys.mjs", 238))
console.error: (new TypeError("NetworkError: Network request failed", "resource://services-settings/Utils.sys.mjs", 238))
console.error: (new TypeError("NetworkError: Network request failed", "resource://services-settings/Utils.sys.mjs", 238))
DevTools listening on ws://127.0.0.1:57076/devtools/browser/b4db7b1f-d5d0-43cb-b1bf-d9607071a68a
console.warn: LoginRecipes: "Falling back to a synchronous message for: http://localhost:5001."
console.warn: LoginRecipes: "Falling back to a synchronous message for: http://localhost:5001."
console.warn: LoginRecipes: "Falling back to a synchronous message for: http://localhost:5001."
console.error: (new Error("Polling for changes failed: NetworkError: Network request failed.", "resource://services-settings/remote-settings.sys.mjs", 324))
1731615645684	Marionette	INFO	Stopped listening on port 57083
Dynamically enable window occlusion 1
