1731615474794	geckodriver	INFO	Listening on 127.0.0.1:56986
1731615477864	mozrunner::runner	INFO	Running command: "C:\\Program Files\\Mozilla Firefox\\firefox.exe" "--marionette" "--remote-debugging-port" "56987" "--remote-allow-hosts" "localhost" "-no-remote" "-profile" "C:\\Users\\nepsu\\AppData\\Local\\Temp\\rust_mozprofiledaW8po"
console.warn: services.settings: Ignoring preference override of remote settings server
console.warn: services.settings: Allow by setting MOZ_REMOTE_SETTINGS_DEVTOOLS=1 in the environment
Dynamically enable window occlusion 0
1731615478264	Marionette	INFO	Marionette enabled
1731615478396	Marionette	INFO	Listening on port 56995
WebDriver BiDi listening on ws://127.0.0.1:56987
Read port: 56995
1731615478566	RemoteAgent	WARN	TLS certificate errors will be ignored for this session
console.error: (new TypeError("NetworkError: Network request failed", "resource://services-settings/Utils.sys.mjs", 238))
console.error: (new TypeError("NetworkError: Network request failed", "resource://services-settings/Utils.sys.mjs", 238))
console.error: (new TypeError("NetworkError: Network request failed", "resource://services-settings/Utils.sys.mjs", 238))
console.error: (new TypeError("NetworkError: Network request failed", "resource://services-settings/Utils.sys.mjs", 238))
DevTools listening on ws://127.0.0.1:56987/devtools/browser/d718695b-a643-441f-b5bc-bc3b2ed691dc
console.warn: LoginRecipes: "Falling back to a synchronous message for: http://localhost:5001."
console.warn: LoginRecipes: "Falling back to a synchronous message for: http://localhost:5001."
console.error: (new Error("Polling for changes failed: NetworkError: Network request failed.", "resource://services-settings/remote-settings.sys.mjs", 324))
1731615509249	Marionette	INFO	Stopped listening on port 56995
Dynamically enable window occlusion 1
